<?xml version="1.0" encoding="UTF-8"?>
<testsuite xmlns:xsi="http://www.w3.org/2001/XMLSchema-instance" xsi:noNamespaceSchemaLocation="https://maven.apache.org/surefire/maven-surefire-plugin/xsd/surefire-test-report-3.0.xsd" version="3.0" name="com.retirement.engine.MonteCarloEngineTest" time="0.703" tests="5" errors="0" skipped="0" failures="0">
  <properties>
[...]
</properties>
  <testcase name="testCalculateSuccessRateBasicMode" classname="com.retirement.engine.MonteCarloEngineTest" time="0.585">
    <system-out><![CDATA[Searching for required corpus to meet target success rate...
[=>                  ]   6% - Calculating required corpus[=>                  ]   5% - Calculating success rate[==>                 ]  10% - Calculating success rate[===>                ]  15% - Calculating success rate[====>               ]  20% - Calculating success rate[=====>              ]  25% - Calculating success rate[======>             ]  30% - Calculating success rate[=======>            ]  35% - Calculating success rate[========>           ]  40% - Calculating success rate[=========>          ]  45% - Calculating success rate[==========>         ]  50% - Calculating success rate[===========>        ]  55% - Calculating success rate[============>       ]  60% - Calculating success rate[=============>      ]  65% - Calculating success rate[==============>     ]  70% - Calculating success rate[===============>    ]  75% - Calculating success rate[================>   ]  80% - Calculating success rate[=================>  ]  85% - Calculating success rate[==================> ]  90% - Calculating success rate[===================>]  95% - Calculating success rate[====================] 100% - Calculating success rate
Iteration 1/15: Corpus $1.50M - Success Rate 83.2% (Target: 85.0%)
[==>                 ]  13% - Calculating required corpus[=>                  ]   5% - Calculating success rate[==>                 ]  10% - Calculating success rate[===>                ]  15% - Calculating success rate[====>               ]  20% - Calculating success rate[=====>              ]  25% - Calculating success rate[======>             ]  30% - Calculating success rate[=======>            ]  35% - Calculating success rate[========>           ]  40% - Calculating success rate[=========>          ]  45% - Calculating success rate[==========>         ]  50% - Calculating success rate[===========>        ]  55% - Calculating success rate[============>       ]  60% - Calculating success rate[=============>      ]  65% - Calculating success rate[==============>     ]  70% - Calculating success rate[===============>    ]  75% - Calculating success rate[================>   ]  80% - Calculating success rate[=================>  ]  85% - Calculating success rate[==================> ]  90% - Calculating success rate[===================>]  95% - Calculating success rate[====================] 100% - Calculating success rate
Iteration 2/15: Corpus $3.00M - Success Rate 100.0% (Target: 85.0%)
[====>               ]  20% - Calculating required corpus[=>                  ]   5% - Calculating success rate[==>                 ]  10% - Calculating success rate[===>                ]  15% - Calculating success rate[====>               ]  20% - Calculating success rate[=====>              ]  25% - Calculating success rate[======>             ]  30% - Calculating success rate[=======>            ]  35% - Calculating success rate[========>           ]  40% - Calculating success rate[=========>          ]  45% - Calculating success rate[==========>         ]  50% - Calculating success rate[===========>        ]  55% - Calculating success rate[============>       ]  60% - Calculating success rate[=============>      ]  65% - Calculating success rate[==============>     ]  70% - Calculating success rate[===============>    ]  75% - Calculating success rate[================>   ]  80% - Calculating success rate[=================>  ]  85% - Calculating success rate[==================> ]  90% - Calculating success rate[===================>]  95% - Calculating success rate[====================] 100% - Calculating success rate
Iteration 3/15: Corpus $2.25M - Success Rate 98.5% (Target: 85.0%)
[=====>              ]  26% - Calculating required corpus[=>                  ]   5% - Calculating success rate[==>                 ]  10% - Calculating success rate[===>                ]  15% - Calculating success rate[====>               ]  20% - Calculating success rate[=====>              ]  25% - Calculating success rate[======>             ]  30% - Calculating success rate[=======>            ]  35% - Calculating success rate[========>           ]  40% - Calculating success rate[=========>          ]  45% - Calculating success rate[==========>         ]  50% - Calculating success rate[===========>        ]  55% - Calculating success rate[============>       ]  60% - Calculating success rate[=============>      ]  65% - Calculating success rate[==============>     ]  70% - Calculating success rate[===============>    ]  75% - Calculating success rate[================>   ]  80% - Calculating success rate[=================>  ]  85% - Calculating success rate[==================> ]  90% - Calculating success rate[===================>]  95% - Calculating success rate[====================] 100% - Calculating success rate
Iteration 4/15: Corpus $1.88M - Success Rate 95.2% (Target: 85.0%)
[======>             ]  33% - Calculating required corpus[=>                  ]   5% - Calculating success rate[==>                 ]  10% - Calculating success rate[===>                ]  15% - Calculating success rate[====>               ]  20% - Calculating success rate[=====>              ]  25% - Calculating success rate[======>             ]  30% - Calculating success rate[=======>            ]  35% - Calculating success rate[========>           ]  40% - Calculating success rate[=========>          ]  45% - Calculating success rate[==========>         ]  50% - Calculating success rate[===========>        ]  55% - Calculating success rate[============>       ]  60% - Calculating success rate[=============>      ]  65% - Calculating success rate[==============>     ]  70% - Calculating success rate[===============>    ]  75% - Calculating success rate[================>   ]  80% - Calculating success rate[=================>  ]  85% - Calculating success rate[==================> ]  90% - Calculating success rate[===================>]  95% - Calculating success rate[====================] 100% - Calculating success rate
Iteration 5/15: Corpus $1.69M - Success Rate 89.3% (Target: 85.0%)
[========>           ]  40% - Calculating required corpus[=>                  ]   5% - Calculating success rate[==>                 ]  10% - Calculating success rate[===>                ]  15% - Calculating success rate[====>               ]  20% - Calculating success rate[=====>              ]  25% - Calculating success rate[======>             ]  30% - Calculating success rate[=======>            ]  35% - Calculating success rate[========>           ]  40% - Calculating success rate[=========>          ]  45% - Calculating success rate[==========>         ]  50% - Calculating success rate[===========>        ]  55% - Calculating success rate[============>       ]  60% - Calculating success rate[=============>      ]  65% - Calculating success rate[==============>     ]  70% - Calculating success rate[===============>    ]  75% - Calculating success rate[================>   ]  80% - Calculating success rate[=================>  ]  85% - Calculating success rate[==================> ]  90% - Calculating success rate[===================>]  95% - Calculating success rate[====================] 100% - Calculating success rate
Iteration 6/15: Corpus $1.59M - Success Rate 86.9% (Target: 85.0%)
[=========>          ]  46% - Calculating required corpus[=>                  ]   5% - Calculating success rate[==>                 ]  10% - Calculating success rate[===>                ]  15% - Calculating success rate[====>               ]  20% - Calculating success rate[=====>              ]  25% - Calculating success rate[======>             ]  30% - Calculating success rate[=======>            ]  35% - Calculating success rate[========>           ]  40% - Calculating success rate[=========>          ]  45% - Calculating success rate[==========>         ]  50% - Calculating success rate[===========>        ]  55% - Calculating success rate[============>       ]  60% - Calculating success rate[=============>      ]  65% - Calculating success rate[==============>     ]  70% - Calculating success rate[===============>    ]  75% - Calculating success rate[================>   ]  80% - Calculating success rate[=================>  ]  85% - Calculating success rate[==================> ]  90% - Calculating success rate[===================>]  95% - Calculating success rate[====================] 100% - Calculating success rate
Iteration 7/15: Corpus $1.55M - Success Rate 85.8% (Target: 85.0%)
[==========>         ]  53% - Calculating required corpus[=>                  ]   5% - Calculating success rate[==>                 ]  10% - Calculating success rate[===>                ]  15% - Calculating success rate[====>               ]  20% - Calculating success rate[=====>              ]  25% - Calculating success rate[======>             ]  30% - Calculating success rate[=======>            ]  35% - Calculating success rate[========>           ]  40% - Calculating success rate[=========>          ]  45% - Calculating success rate[==========>         ]  50% - Calculating success rate[===========>        ]  55% - Calculating success rate[============>       ]  60% - Calculating success rate[=============>      ]  65% - Calculating success rate[==============>     ]  70% - Calculating success rate[===============>    ]  75% - Calculating success rate[================>   ]  80% - Calculating success rate[=================>  ]  85% - Calculating success rate[==================> ]  90% - Calculating success rate[===================>]  95% - Calculating success rate[====================] 100% - Calculating success rate
Iteration 8/15: Corpus $1.52M - Success Rate 84.0% (Target: 85.0%)
[============>       ]  60% - Calculating required corpus[=>                  ]   5% - Calculating success rate[==>                 ]  10% - Calculating success rate[===>                ]  15% - Calculating success rate[====>               ]  20% - Calculating success rate[=====>              ]  25% - Calculating success rate[======>             ]  30% - Calculating success rate[=======>            ]  35% - Calculating success rate[========>           ]  40% - Calculating success rate[=========>          ]  45% - Calculating success rate[==========>         ]  50% - Calculating success rate[===========>        ]  55% - Calculating success rate[============>       ]  60% - Calculating success rate[=============>      ]  65% - Calculating success rate[==============>     ]  70% - Calculating success rate[===============>    ]  75% - Calculating success rate[================>   ]  80% - Calculating success rate[=================>  ]  85% - Calculating success rate[==================> ]  90% - Calculating success rate[===================>]  95% - Calculating success rate[====================] 100% - Calculating success rate
Iteration 9/15: Corpus $1.54M - Success Rate 85.5% (Target: 85.0%)
[=============>      ]  66% - Calculating required corpus[=>                  ]   5% - Calculating success rate[==>                 ]  10% - Calculating success rate[===>                ]  15% - Calculating success rate[====>               ]  20% - Calculating success rate[=====>              ]  25% - Calculating success rate[======>             ]  30% - Calculating success rate[=======>            ]  35% - Calculating success rate[========>           ]  40% - Calculating success rate[=========>          ]  45% - Calculating success rate[==========>         ]  50% - Calculating success rate[===========>        ]  55% - Calculating success rate[============>       ]  60% - Calculating success rate[=============>      ]  65% - Calculating success rate[==============>     ]  70% - Calculating success rate[===============>    ]  75% - Calculating success rate[================>   ]  80% - Calculating success rate[=================>  ]  85% - Calculating success rate[==================> ]  90% - Calculating success rate[===================>]  95% - Calculating success rate[====================] 100% - Calculating success rate
Iteration 10/15: Corpus $1.53M - Success Rate 86.2% (Target: 85.0%)
[==============>     ]  73% - Calculating required corpus[=>                  ]   5% - Calculating success rate[==>                 ]  10% - Calculating success rate[===>                ]  15% - Calculating success rate[====>               ]  20% - Calculating success rate[=====>              ]  25% - Calculating success rate[======>             ]  30% - Calculating success rate[=======>            ]  35% - Calculating success rate[========>           ]  40% - Calculating success rate[=========>          ]  45% - Calculating success rate[==========>         ]  50% - Calculating success rate[===========>        ]  55% - Calculating success rate[============>       ]  60% - Calculating success rate[=============>      ]  65% - Calculating success rate[==============>     ]  70% - Calculating success rate[===============>    ]  75% - Calculating success rate[================>   ]  80% - Calculating success rate[=================>  ]  85% - Calculating success rate[==================> ]  90% - Calculating success rate[===================>]  95% - Calculating success rate[====================] 100% - Calculating success rate
Iteration 11/15: Corpus $1.53M - Success Rate 84.8% (Target: 85.0%)
[=>                  ]   5% - Calculating success rate[==>                 ]  10% - Calculating success rate[===>                ]  15% - Calculating success rate[====>               ]  20% - Calculating success rate[=====>              ]  25% - Calculating success rate[======>             ]  30% - Calculating success rate[=======>            ]  35% - Calculating success rate[========>           ]  40% - Calculating success rate[=========>          ]  45% - Calculating success rate[==========>         ]  50% - Calculating success rate[===========>        ]  55% - Calculating success rate[============>       ]  60% - Calculating success rate[=============>      ]  65% - Calculating success rate[==============>     ]  70% - Calculating success rate[===============>    ]  75% - Calculating success rate[================>   ]  80% - Calculating success rate[=================>  ]  85% - Calculating success rate[==================> ]  90% - Calculating success rate[===================>]  95% - Calculating success rate[====================] 100% - Calculating success rate
Adding safety margin: Corpus $1.57M
Final corpus: $1.57M with 83.6% success rate
[=>                  ]   5% - Calculating success rate[==>                 ]  10% - Calculating success rate[===>                ]  15% - Calculating success rate[====>               ]  20% - Calculating success rate[=====>              ]  25% - Calculating success rate[======>             ]  30% - Calculating success rate[=======>            ]  35% - Calculating success rate[========>           ]  40% - Calculating success rate[=========>          ]  45% - Calculating success rate[==========>         ]  50% - Calculating success rate[===========>        ]  55% - Calculating success rate[============>       ]  60% - Calculating success rate[=============>      ]  65% - Calculating success rate[==============>     ]  70% - Calculating success rate[===============>    ]  75% - Calculating success rate[================>   ]  80% - Calculating success rate[=================>  ]  85% - Calculating success rate[==================> ]  90% - Calculating success rate[===================>]  95% - Calculating success rate[====================] 100% - Calculating success rate
]]></system-out>
  </testcase>
  <testcase name="testCalculateProjectedCorpus" classname="com.retirement.engine.MonteCarloEngineTest" time="0.0"/>
  <testcase name="testCalculateSuccessRateAdvancedMode" classname="com.retirement.engine.MonteCarloEngineTest" time="0.029">
    <system-out><![CDATA[[=>                  ]   5% - Calculating success rate[==>                 ]  10% - Calculating success rate[===>                ]  15% - Calculating success rate[====>               ]  20% - Calculating success rate[=====>              ]  25% - Calculating success rate[======>             ]  30% - Calculating success rate[=======>            ]  35% - Calculating success rate[========>           ]  40% - Calculating success rate[=========>          ]  45% - Calculating success rate[==========>         ]  50% - Calculating success rate[===========>        ]  55% - Calculating success rate[============>       ]  60% - Calculating success rate[=============>      ]  65% - Calculating success rate[==============>     ]  70% - Calculating success rate[===============>    ]  75% - Calculating success rate[================>   ]  80% - Calculating success rate[=================>  ]  85% - Calculating success rate[==================> ]  90% - Calculating success rate[===================>]  95% - Calculating success rate[====================] 100% - Calculating success rate
]]></system-out>
  </testcase>
  <testcase name="testCalculatePercentile" classname="com.retirement.engine.MonteCarloEngineTest" time="0.0"/>
  <testcase name="testGenerateRandomReturn" classname="com.retirement.engine.MonteCarloEngineTest" time="0.0"/>
</testsuite>